
-----
Test: test_buy_product.py::test_buy_product_1 (call)
Start time: 2025-03-31 19:53:36.535463
Start name method: authorisation

End time: 2025-03-31 19:53:37.541688
End name method: authorisation
URL: https://www.saucedemo.com/inventory.html

-----

-----
Test: test_buy_product.py::test_buy_product_1 (call)
Start time: 2025-03-31 19:53:37.542554
Start name method: select_products_1

End time: 2025-03-31 19:53:37.740308
End name method: select_products_1
URL: https://www.saucedemo.com/cart.html

-----

-----
Test: test_buy_product.py::test_buy_product_1 (call)
Start time: 2025-03-31 19:53:37.814851
Start name method: input_information

End time: 2025-03-31 19:53:38.092497
End name method: input_information
URL: https://www.saucedemo.com/checkout-step-two.html

-----

-----
Test: test_buy_product.py::test_buy_product_1 (call)
Start time: 2025-03-31 19:53:38.093260
Start name method: payment

End time: 2025-03-31 19:53:38.174442
End name method: payment
URL: https://www.saucedemo.com/checkout-complete.html

-----

-----
Test: test_buy_product.py::test_buy_product_1 (call)
Start time: 2025-03-31 19:53:38.175111
Start name method: finish

End time: 2025-03-31 19:53:38.269014
End name method: finish
URL: https://www.saucedemo.com/checkout-complete.html

-----

-----
Test: test_buy_product.py::test_buy_product_2 (call)
Start time: 2025-03-31 19:53:43.284654
Start name method: authorisation

End time: 2025-03-31 19:53:44.349301
End name method: authorisation
URL: https://www.saucedemo.com/inventory.html

-----

-----
Test: test_buy_product.py::test_buy_product_2 (call)
Start time: 2025-03-31 19:53:44.350305
Start name method: select_products_2

End time: 2025-03-31 19:53:44.553299
End name method: select_products_2
URL: https://www.saucedemo.com/cart.html

-----

-----
Test: test_buy_product.py::test_buy_product_3 (call)
Start time: 2025-03-31 19:53:49.723429
Start name method: authorisation

End time: 2025-03-31 19:53:50.543504
End name method: authorisation
URL: https://www.saucedemo.com/inventory.html

-----

-----
Test: test_buy_product.py::test_buy_product_3 (call)
Start time: 2025-03-31 19:53:50.544166
Start name method: select_products_3

End time: 2025-03-31 19:53:50.683225
End name method: select_products_3
URL: https://www.saucedemo.com/cart.html

-----

-----
Test: test_link_about.py::test_link_about (call)
Start time: 2025-03-31 19:53:55.771212
Start name method: authorisation

End time: 2025-03-31 19:53:56.634718
End name method: authorisation
URL: https://www.saucedemo.com/inventory.html

-----

-----
Test: test_link_about.py::test_link_about (call)
Start time: 2025-03-31 19:53:56.635452
Start name method: select_menu_about

