
-----
Test: tests/test_buy_product.py::test_buy_product_1 (call)
Start time: 2025-04-07 08:39:01.100986
Start name method: authorisation

End time: 2025-04-07 08:39:04.225905
End name method: authorisation
URL: https://www.saucedemo.com/inventory.html

-----

-----
Test: tests/test_buy_product.py::test_buy_product_1 (call)
Start time: 2025-04-07 08:39:04.226585
Start name method: select_products_1

End time: 2025-04-07 08:39:04.344489
End name method: select_products_1
URL: https://www.saucedemo.com/cart.html

-----

-----
Test: tests/test_buy_product.py::test_buy_product_1 (call)
Start time: 2025-04-07 08:39:04.400503
Start name method: input_information

End time: 2025-04-07 08:39:04.601830
End name method: input_information
URL: https://www.saucedemo.com/checkout-step-two.html

-----

-----
Test: tests/test_buy_product.py::test_buy_product_1 (call)
Start time: 2025-04-07 08:39:04.602569
Start name method: payment

End time: 2025-04-07 08:39:04.694993
End name method: payment
URL: https://www.saucedemo.com/checkout-step-two.html

-----

-----
Test: tests/test_buy_product.py::test_buy_product_1 (call)
Start time: 2025-04-07 08:39:04.695887
Start name method: finish


-----
Test: tests/test_link_about.py::test_link_about (call)
Start time: 2025-04-07 08:39:06.229237
Start name method: authorisation

End time: 2025-04-07 08:39:08.367653
End name method: authorisation
URL: https://www.saucedemo.com/inventory.html

-----

-----
Test: tests/test_link_about.py::test_link_about (call)
Start time: 2025-04-07 08:39:08.369243
Start name method: select_menu_about

