
-----
Test: tests/test_buy_product.py::test_buy_product_1 (call)
Start time: 2025-04-07 08:38:39.848048
Start name method: authorisation

End time: 2025-04-07 08:38:42.780034
End name method: authorisation
URL: https://www.saucedemo.com/inventory.html

-----

-----
Test: tests/test_buy_product.py::test_buy_product_1 (call)
Start time: 2025-04-07 08:38:42.780727
Start name method: select_products_1

End time: 2025-04-07 08:38:42.894248
End name method: select_products_1
URL: https://www.saucedemo.com/cart.html

-----

-----
Test: tests/test_buy_product.py::test_buy_product_1 (call)
Start time: 2025-04-07 08:38:42.938766
Start name method: input_information

End time: 2025-04-07 08:38:43.171857
End name method: input_information
URL: https://www.saucedemo.com/checkout-step-two.html

-----

-----
Test: tests/test_buy_product.py::test_buy_product_1 (call)
Start time: 2025-04-07 08:38:43.172710
Start name method: payment

End time: 2025-04-07 08:38:43.251229
End name method: payment
URL: https://www.saucedemo.com/checkout-complete.html

-----

-----
Test: tests/test_buy_product.py::test_buy_product_1 (call)
Start time: 2025-04-07 08:38:43.252034
Start name method: finish

End time: 2025-04-07 08:38:43.353575
End name method: finish
URL: https://www.saucedemo.com/checkout-complete.html

-----

-----
Test: tests/test_link_about.py::test_link_about (call)
Start time: 2025-04-07 08:38:47.001525
Start name method: authorisation

End time: 2025-04-07 08:38:49.473143
End name method: authorisation
URL: https://www.saucedemo.com/inventory.html

-----

-----
Test: tests/test_link_about.py::test_link_about (call)
Start time: 2025-04-07 08:38:49.473961
Start name method: select_menu_about

