
-----
Test: tests/test_buy_product.py::test_buy_product_1 (call)
Start time: 2025-04-07 08:38:19.245102
Start name method: authorisation

End time: 2025-04-07 08:38:20.686989
End name method: authorisation
URL: https://www.saucedemo.com/inventory.html

-----

-----
Test: tests/test_buy_product.py::test_buy_product_1 (call)
Start time: 2025-04-07 08:38:20.687669
Start name method: select_products_1

End time: 2025-04-07 08:38:20.827080
End name method: select_products_1
URL: https://www.saucedemo.com/cart.html

-----

-----
Test: tests/test_buy_product.py::test_buy_product_1 (call)
Start time: 2025-04-07 08:38:20.887279
Start name method: input_information

End time: 2025-04-07 08:38:21.076421
End name method: input_information
URL: https://www.saucedemo.com/checkout-step-one.html

-----

-----
Test: tests/test_buy_product.py::test_buy_product_1 (call)
Start time: 2025-04-07 08:38:21.077052
Start name method: payment


-----
Test: tests/test_link_about.py::test_link_about (call)
Start time: 2025-04-07 08:38:29.585591
Start name method: authorisation

End time: 2025-04-07 08:38:31.975433
End name method: authorisation
URL: https://www.saucedemo.com/inventory.html

-----

-----
Test: tests/test_link_about.py::test_link_about (call)
Start time: 2025-04-07 08:38:31.976104
Start name method: select_menu_about

