
-----
Test: test_buy_product.py::test_buy_product_1 (call)
Start time: 2025-03-31 19:46:03.114990
Start name method: authorisation

End time: 2025-03-31 19:46:04.203110
End name method: authorisation
URL: https://www.saucedemo.com/inventory.html

-----

-----
Test: test_buy_product.py::test_buy_product_1 (call)
Start time: 2025-03-31 19:46:04.203766
Start name method: select_products_1

End time: 2025-03-31 19:46:04.339399
End name method: select_products_1
URL: https://www.saucedemo.com/cart.html

-----

-----
Test: test_buy_product.py::test_buy_product_1 (call)
Start time: 2025-03-31 19:46:04.391327
Start name method: input_information

End time: 2025-03-31 19:46:04.569769
End name method: input_information
URL: https://www.saucedemo.com/checkout-step-two.html

-----

-----
Test: test_buy_product.py::test_buy_product_1 (call)
Start time: 2025-03-31 19:46:04.570291
Start name method: payment

End time: 2025-03-31 19:46:04.620041
End name method: payment
URL: https://www.saucedemo.com/checkout-complete.html

-----

-----
Test: test_buy_product.py::test_buy_product_1 (call)
Start time: 2025-03-31 19:46:04.620568
Start name method: finish

End time: 2025-03-31 19:46:04.694203
End name method: finish
URL: https://www.saucedemo.com/checkout-complete.html

-----
