
-----
Test: tests/test_buy_product.py::test_buy_product_1 (call)
Start time: 2025-04-21 12:00:06.046020
Start name method: authorisation

End time: 2025-04-21 12:00:07.626617
End name method: authorisation
URL: https://www.saucedemo.com/inventory.html

-----

-----
Test: tests/test_buy_product.py::test_buy_product_1 (call)
Start time: 2025-04-21 12:00:07.627318
Start name method: select_products_1

End time: 2025-04-21 12:00:07.790851
End name method: select_products_1
URL: https://www.saucedemo.com/cart.html

-----

-----
Test: tests/test_buy_product.py::test_buy_product_1 (call)
Start time: 2025-04-21 12:00:07.851893
Start name method: input_information

End time: 2025-04-21 12:00:08.148912
End name method: input_information
URL: https://www.saucedemo.com/checkout-step-one.html

-----

-----
Test: tests/test_buy_product.py::test_buy_product_1 (call)
Start time: 2025-04-21 12:00:08.149858
Start name method: payment


-----
Test: tests/test_link_about.py::test_link_about (call)
Start time: 2025-04-21 12:00:19.446633
Start name method: authorisation

End time: 2025-04-21 12:00:20.726340
End name method: authorisation
URL: https://www.saucedemo.com/inventory.html

-----

-----
Test: tests/test_link_about.py::test_link_about (call)
Start time: 2025-04-21 12:00:20.727043
Start name method: select_menu_about

