
-----
Test: test_buy_product.py::test_buy_product_1 (call)
Start time: 2025-03-31 19:50:16.010596
Start name method: authorisation

End time: 2025-03-31 19:50:16.953925
End name method: authorisation
URL: https://www.saucedemo.com/inventory.html

-----

-----
Test: test_buy_product.py::test_buy_product_1 (call)
Start time: 2025-03-31 19:50:16.954553
Start name method: select_products_1

End time: 2025-03-31 19:50:17.075892
End name method: select_products_1
URL: https://www.saucedemo.com/cart.html

-----

-----
Test: test_buy_product.py::test_buy_product_1 (call)
Start time: 2025-03-31 19:50:17.122124
Start name method: input_information

End time: 2025-03-31 19:50:17.302082
End name method: input_information
URL: https://www.saucedemo.com/checkout-step-two.html

-----

-----
Test: test_buy_product.py::test_buy_product_1 (call)
Start time: 2025-03-31 19:50:17.302589
Start name method: payment

End time: 2025-03-31 19:50:17.351847
End name method: payment
URL: https://www.saucedemo.com/checkout-complete.html

-----

-----
Test: test_buy_product.py::test_buy_product_1 (call)
Start time: 2025-03-31 19:50:17.352390
Start name method: finish

End time: 2025-03-31 19:50:17.422906
End name method: finish
URL: https://www.saucedemo.com/checkout-complete.html

-----

-----
Test: test_buy_product.py::test_buy_product_2 (call)
Start time: 2025-03-31 19:50:22.374140
Start name method: authorisation

End time: 2025-03-31 19:50:23.386800
End name method: authorisation
URL: https://www.saucedemo.com/inventory.html

-----

-----
Test: test_buy_product.py::test_buy_product_3 (call)
Start time: 2025-03-31 19:50:28.178902
Start name method: authorisation

End time: 2025-03-31 19:50:29.378812
End name method: authorisation
URL: https://www.saucedemo.com/inventory.html

-----
