
-----
Test: tests/test_buy_product.py::test_buy_phone (call)
Start time: 2025-04-22 10:35:00.448978
Start name method: authorisation

End time: 2025-04-22 10:35:08.211474
End name method: authorisation
URL: https://www.onlinetrade.ru/

-----

-----
Test: tests/test_buy_product.py::test_buy_phone (call)
Start time: 2025-04-22 10:35:08.213187
Start name method: search_smart

End time: 2025-04-22 10:35:11.142542
End name method: search_smart
URL: https://www.onlinetrade.ru/catalogue/smartfony-c13/

-----

-----
Test: tests/test_buy_product.py::test_buy_phone (call)
Start time: 2025-04-22 10:35:11.144475
Start name method: choose_filters

End time: 2025-04-22 10:35:20.887775
End name method: choose_filters
URL: https://www.onlinetrade.ru/catalogue/smartfony-c13/?selling[]=1&actions=1&producer[]=XIAOMI&price1=10000&price2=60000&rating[]=5&os[]=Android%2014&platform[]=HyperOS&volume_mem[]=128%20%C3%E1&ram[]=8%20%C3%E1&diagonal1=6&diagonal2=6.7&color[]=%F7%E5%F0%ED%FB%E9&volume_akumm1=600&volume_akumm2=22000&advanced_search=1&preset_id=0&rating_active=1&special_active=1&selling_active=1&producer_active=1&price_active=1&os_active=1&platform_active=1&volume_mem_active=1&ram_active=1&diagonal_active=1&display_razr_active=0&chastota_obnovleniya_active=1&fotokamera_osnovnaya_active=1&front_camera_active=1&processor_active=1&phones_type_active=1&slot_dlya_karti_pamyati_active=1&fbz_active=1&besprovod_zaryad_active=1&radio_active=1&nfc_active=1&5g_active=1&kov_sim_active=1&stepen_zashchiti_active=0&color_active=1&volume_akumm_active=1&cat_id=13

-----

-----
Test: tests/test_buy_product.py::test_buy_phone (call)
Start time: 2025-04-22 10:35:20.889673
Start name method: select_product

End time: 2025-04-22 10:35:24.583645
End name method: select_product
URL: https://www.onlinetrade.ru/basket.html?basket_hash=38afc3105c4de03a764615cb526a20b7

-----

-----
Test: tests/test_buy_product.py::test_buy_phone (call)
Start time: 2025-04-22 10:35:24.585085
Start name method: product_confirmation

End time: 2025-04-22 10:35:27.655317
End name method: product_confirmation
URL: https://www.onlinetrade.ru/basket.html

-----

-----
Test: tests/test_buy_product.py::test_buy_phone (call)
Start time: 2025-04-22 10:35:27.659260
Start name method: input_information

End time: 2025-04-22 10:35:29.847820
End name method: input_information
URL: https://www.onlinetrade.ru/basket.html

-----

-----
Test: tests/test_buy_product.py::test_buy_phone (call)
Start time: 2025-04-22 10:35:29.849656
Start name method: clear_cart

End time: 2025-04-22 10:35:33.509478
End name method: clear_cart
URL: https://www.onlinetrade.ru/basket.html?basket_hash=

-----
